<?xml version="1.0" encoding="UTF-8"?>
<testsuite xmlns:xsi="http://www.w3.org/2001/XMLSchema-instance" xsi:noNamespaceSchemaLocation="https://maven.apache.org/surefire/maven-surefire-plugin/xsd/surefire-test-report.xsd" version="3.0.2" name="calendar.domain.CalendarTypeTest" time="0.119" tests="18" errors="0" skipped="0" failures="0">
  <properties>
[...]
</properties>
  <testcase name="fromYear_whenYearIsValid_shouldReturnExpectedCalendarType(int, CalendarType)[1]" classname="calendar.domain.CalendarTypeTest" time="0.033"/>
  <testcase name="fromYear_whenYearIsValid_shouldReturnExpectedCalendarType(int, CalendarType)[2]" classname="calendar.domain.CalendarTypeTest" time="0.001"/>
  <testcase name="fromYear_whenYearIsValid_shouldReturnExpectedCalendarType(int, CalendarType)[3]" classname="calendar.domain.CalendarTypeTest" time="0.002"/>
  <testcase name="fromYear_whenYearIsValid_shouldReturnExpectedCalendarType(int, CalendarType)[4]" classname="calendar.domain.CalendarTypeTest" time="0.002"/>
  <testcase name="fromYear_whenYearIsValid_shouldReturnExpectedCalendarType(int, CalendarType)[5]" classname="calendar.domain.CalendarTypeTest" time="0.001"/>
  <testcase name="fromYear_whenYearIsValid_shouldReturnExpectedCalendarType(int, CalendarType)[6]" classname="calendar.domain.CalendarTypeTest" time="0.001"/>
  <testcase name="fromYear_whenYearIsValid_shouldReturnExpectedCalendarType(int, CalendarType)[7]" classname="calendar.domain.CalendarTypeTest" time="0.001"/>
  <testcase name="fromYear_whenYearIsValid_shouldReturnExpectedCalendarType(int, CalendarType)[8]" classname="calendar.domain.CalendarTypeTest" time="0.001"/>
  <testcase name="fromYear_whenYearIsValid_shouldReturnExpectedCalendarType(int, CalendarType)[9]" classname="calendar.domain.CalendarTypeTest" time="0.001"/>
  <testcase name="fromYear_whenYearIsValid_shouldReturnExpectedCalendarType(int, CalendarType)[10]" classname="calendar.domain.CalendarTypeTest" time="0.001"/>
  <testcase name="fromYear_whenYearIsValid_shouldReturnExpectedCalendarType(int, CalendarType)[11]" classname="calendar.domain.CalendarTypeTest" time="0.001"/>
  <testcase name="fromYear_whenYearIsValid_shouldReturnExpectedCalendarType(int, CalendarType)[12]" classname="calendar.domain.CalendarTypeTest" time="0.002"/>
  <testcase name="fromYear_whenYearIsValid_shouldReturnExpectedCalendarType(int, CalendarType)[13]" classname="calendar.domain.CalendarTypeTest" time="0.001"/>
  <testcase name="fromYear_whenYearIsValid_shouldReturnExpectedCalendarType(int, CalendarType)[14]" classname="calendar.domain.CalendarTypeTest" time="0.001"/>
  <testcase name="fromYear_whenYearIsNull_shouldThrowNullPointerException" classname="calendar.domain.CalendarTypeTest" time="0.001"/>
  <testcase name="fromYear_whenYearIsCentury_shouldApplyGregorianLeapYearRules(int, CalendarType)[1]" classname="calendar.domain.CalendarTypeTest" time="0.002"/>
  <testcase name="fromYear_whenYearIsCentury_shouldApplyGregorianLeapYearRules(int, CalendarType)[2]" classname="calendar.domain.CalendarTypeTest" time="0.001"/>
  <testcase name="values_shouldContainFourteenCalendarTypes" classname="calendar.domain.CalendarTypeTest" time="0.001"/>
</testsuite>